<?xml version="1.0" encoding="UTF-8"?>
<testng-results skipped="0" failed="0" ignored="0" total="1" passed="1">
  <reporter-output>
  </reporter-output>
  <suite name="Suite" duration-ms="45977" started-at="2018-11-01T23:45:21Z" finished-at="2018-11-01T23:46:07Z">
    <groups>
    </groups>
    <test name="Test" duration-ms="45977" started-at="2018-11-01T23:45:21Z" finished-at="2018-11-01T23:46:07Z">
      <class name="practiceSwitchWindowPackage.practiceswitchwindow">
        <test-method status="PASS" signature="setup(java.lang.String)[pri:0, instance:practiceSwitchWindowPackage.practiceswitchwindow@224edc67]" name="setup" is-config="true" duration-ms="43326" started-at="2018-11-02T05:15:21Z" finished-at="2018-11-02T05:16:04Z">
          <params>
            <param index="0">
              <value>
                <![CDATA[http://toolsqa.com/automation-practice-switch-windows/]]>
              </value>
            </param>
          </params>
          <reporter-output>
          </reporter-output>
        </test-method> <!-- setup -->
        <test-method status="PASS" signature="testingmultifulwindow()[pri:0, instance:practiceSwitchWindowPackage.practiceswitchwindow@224edc67]" name="testingmultifulwindow" duration-ms="1752" started-at="2018-11-02T05:16:04Z" finished-at="2018-11-02T05:16:06Z">
          <reporter-output>
          </reporter-output>
        </test-method> <!-- testingmultifulwindow -->
        <test-method status="PASS" signature="quitThebrowser()[pri:0, instance:practiceSwitchWindowPackage.practiceswitchwindow@224edc67]" name="quitThebrowser" is-config="true" duration-ms="635" started-at="2018-11-02T05:16:06Z" finished-at="2018-11-02T05:16:07Z">
          <reporter-output>
          </reporter-output>
        </test-method> <!-- quitThebrowser -->
        <test-method status="FAIL" signature="takeScreenshotAtEndOfTest()[pri:0, instance:practiceSwitchWindowPackage.practiceswitchwindow@224edc67]" name="takeScreenshotAtEndOfTest" is-config="true" duration-ms="151" started-at="2018-11-02T05:16:07Z" finished-at="2018-11-02T05:16:07Z">
          <exception class="org.openqa.selenium.NoSuchSessionException">
            <message>
              <![CDATA[Session ID is null. Using WebDriver after calling quit()?
Build info: version: '3.14.0', revision: 'aacccce0', time: '2018-08-02T20:19:58.91Z'
System info: host: 'DESKTOP-ESATMPN', ip: '192.168.0.4', os.name: 'Windows 10', os.arch: 'amd64', os.version: '10.0', java.version: '1.8.0_181'
Driver info: driver.version: RemoteWebDriver]]>
            </message>
            <full-stacktrace>
              <![CDATA[org.openqa.selenium.NoSuchSessionException: Session ID is null. Using WebDriver after calling quit()?
Build info: version: '3.14.0', revision: 'aacccce0', time: '2018-08-02T20:19:58.91Z'
System info: host: 'DESKTOP-ESATMPN', ip: '192.168.0.4', os.name: 'Windows 10', os.arch: 'amd64', os.version: '10.0', java.version: '1.8.0_181'
Driver info: driver.version: RemoteWebDriver
	at org.openqa.selenium.remote.HttpCommandExecutor.execute(HttpCommandExecutor.java:125)
	at org.openqa.selenium.remote.service.DriverCommandExecutor.execute(DriverCommandExecutor.java:83)
	at org.openqa.selenium.remote.RemoteWebDriver.execute(RemoteWebDriver.java:548)
	at org.openqa.selenium.remote.RemoteWebDriver.execute(RemoteWebDriver.java:605)
	at org.openqa.selenium.remote.RemoteWebDriver.getScreenshotAs(RemoteWebDriver.java:294)
	at practiceSwitchWindowPackage.practiceswitchwindow.takeScreenshotAtEndOfTest(practiceswitchwindow.java:52)
	at sun.reflect.NativeMethodAccessorImpl.invoke0(Native Method)
	at sun.reflect.NativeMethodAccessorImpl.invoke(NativeMethodAccessorImpl.java:62)
	at sun.reflect.DelegatingMethodAccessorImpl.invoke(DelegatingMethodAccessorImpl.java:43)
	at java.lang.reflect.Method.invoke(Method.java:498)
	at org.testng.internal.MethodInvocationHelper.invokeMethod(MethodInvocationHelper.java:108)
	at org.testng.internal.Invoker.invokeConfigurationMethod(Invoker.java:523)
	at org.testng.internal.Invoker.invokeConfigurations(Invoker.java:224)
	at org.testng.internal.Invoker.invokeConfigurations(Invoker.java:146)
	at org.testng.TestRunner.afterRun(TestRunner.java:958)
	at org.testng.TestRunner.run(TestRunner.java:606)
	at org.testng.SuiteRunner.runTest(SuiteRunner.java:380)
	at org.testng.SuiteRunner.runSequentially(SuiteRunner.java:375)
	at org.testng.SuiteRunner.privateRun(SuiteRunner.java:340)
	at org.testng.SuiteRunner.run(SuiteRunner.java:289)
	at org.testng.SuiteRunnerWorker.runSuite(SuiteRunnerWorker.java:52)
	at org.testng.SuiteRunnerWorker.run(SuiteRunnerWorker.java:86)
	at org.testng.TestNG.runSuitesSequentially(TestNG.java:1301)
	at org.testng.TestNG.runSuitesLocally(TestNG.java:1226)
	at org.testng.TestNG.runSuites(TestNG.java:1144)
	at org.testng.TestNG.run(TestNG.java:1115)
	at org.testng.remote.AbstractRemoteTestNG.run(AbstractRemoteTestNG.java:114)
	at org.testng.remote.RemoteTestNG.initAndRun(RemoteTestNG.java:251)
	at org.testng.remote.RemoteTestNG.main(RemoteTestNG.java:77)
]]>
            </full-stacktrace>
          </exception> <!-- org.openqa.selenium.NoSuchSessionException -->
          <reporter-output>
          </reporter-output>
        </test-method> <!-- takeScreenshotAtEndOfTest -->
      </class> <!-- practiceSwitchWindowPackage.practiceswitchwindow -->
    </test> <!-- Test -->
  </suite> <!-- Suite -->
</testng-results>
